<?xml version="1.0" encoding="UTF-8"?>
<!-- Generated by org.testng.reporters.JUnitReportReporter -->
<testsuite hostname="Sandeep" failures="0" tests="1" name="amazon.test.TestCase5" time="50.780" errors="0" timestamp="2023-10-19T20:09:43 IST" skipped="0">
  <testcase classname="amazon.test.TestCase5" name="tc5" time="50.780"/>
</testsuite> <!-- amazon.test.TestCase5 -->
