<?xml version="1.0" encoding="UTF-8"?>
<!-- Generated by org.testng.reporters.JUnitReportReporter -->
<testsuite hostname="Sandeep" failures="0" tests="1" name="amazon.test.TestCase3" time="20.368" errors="0" timestamp="2023-10-19T20:09:43 IST" skipped="0">
  <testcase classname="amazon.test.TestCase3" name="tc3" time="20.368"/>
</testsuite> <!-- amazon.test.TestCase3 -->
