<?xml version="1.0" encoding="UTF-8"?>
<!-- Generated by org.testng.reporters.JUnitReportReporter -->
<testsuite hostname="Sandeep" failures="0" tests="1" name="amazon.test.TestCase1" time="10.235" errors="0" timestamp="2023-10-19T21:32:04 IST" skipped="0">
  <testcase classname="amazon.test.TestCase1" name="tc1" time="10.235"/>
</testsuite> <!-- amazon.test.TestCase1 -->
