<?xml version="1.0" encoding="UTF-8"?>
<!-- Generated by org.testng.reporters.JUnitReportReporter -->
<testsuite hostname="Sandeep" failures="0" tests="1" name="amazon.test.TestCase2" time="23.219" errors="0" timestamp="2023-10-19T21:35:38 IST" skipped="0">
  <testcase classname="amazon.test.TestCase2" name="tc2" time="23.219"/>
</testsuite> <!-- amazon.test.TestCase2 -->
