<?xml version="1.0" encoding="UTF-8"?>
<!-- Generated by org.testng.reporters.JUnitReportReporter -->
<testsuite hostname="Sandeep" failures="0" tests="1" name="ScreenShot.Dubai" time="11.232" errors="0" timestamp="2023-10-09T20:00:47 IST" skipped="0">
  <testcase classname="ScreenShot.Dubai" name="testcase" time="11.232"/>
</testsuite> <!-- ScreenShot.Dubai -->
