<?xml version="1.0" encoding="UTF-8"?>
<!-- Generated by org.testng.reporters.JUnitReportReporter -->
<testsuite hostname="Sandeep" failures="0" tests="5" name="TestNGPackage.Prioriry_Topic" time="0.067" errors="0" timestamp="2023-09-22T19:56:31 IST" skipped="0">
  <testcase classname="TestNGPackage.Prioriry_Topic" name="testcase1" time="0.031"/>
  <testcase classname="TestNGPackage.Prioriry_Topic" name="testcase2" time="0.005"/>
  <testcase classname="TestNGPackage.Prioriry_Topic" name="testcase3" time="0.011"/>
  <testcase classname="TestNGPackage.Prioriry_Topic" name="testcase4" time="0.010"/>
  <testcase classname="TestNGPackage.Prioriry_Topic" name="testcase5" time="0.010"/>
</testsuite> <!-- TestNGPackage.Prioriry_Topic -->
