<?xml version="1.0" encoding="UTF-8"?>
<!-- Generated by org.testng.reporters.JUnitReportReporter -->
<testsuite hostname="Sandeep" failures="0" tests="5" name="TestNGPackage.Priorirt_Topic" time="0.031" errors="0" timestamp="2023-09-11T21:44:33 IST" skipped="0">
  <testcase classname="TestNGPackage.Priorirt_Topic" name="testcase1" time="0.019"/>
  <testcase classname="TestNGPackage.Priorirt_Topic" name="testcase4" time="0.002"/>
  <testcase classname="TestNGPackage.Priorirt_Topic" name="testcase2" time="0.004"/>
  <testcase classname="TestNGPackage.Priorirt_Topic" name="testcase3" time="0.002"/>
  <testcase classname="TestNGPackage.Priorirt_Topic" name="testcase5" time="0.004"/>
</testsuite> <!-- TestNGPackage.Priorirt_Topic -->
