<?xml version="1.0" encoding="UTF-8"?>
<!-- Generated by org.testng.reporters.JUnitReportReporter -->
<testsuite hostname="Sandeep" failures="0" tests="1" name="ScreenShot.Qatar" time="15.682" errors="0" timestamp="2023-09-26T20:08:51 IST" skipped="0">
  <testcase classname="ScreenShot.Qatar" name="testcase" time="15.682"/>
</testsuite> <!-- ScreenShot.Qatar -->
