<?xml version="1.0" encoding="UTF-8"?>
<!-- Generated by org.testng.reporters.JUnitReportReporter -->
<testsuite hostname="Sandeep" failures="0" tests="2" name="TestNG_Package.NineAnnotation_2test" time="0.011" errors="0" timestamp="2023-09-21T22:30:13 IST" skipped="0">
  <testcase classname="TestNG_Package.NineAnnotation_2test" name="login" time="0.007"/>
  <testcase classname="TestNG_Package.NineAnnotation_2test" name="logout" time="0.004"/>
</testsuite> <!-- TestNG_Package.NineAnnotation_2test -->
