<?xml version="1.0" encoding="UTF-8"?>
<!-- Generated by org.testng.reporters.JUnitReportReporter -->
<testsuite hostname="Sandeep" failures="0" tests="1" name="ScreenShot.India" time="10.372" errors="0" timestamp="2023-10-09T20:00:47 IST" skipped="0">
  <testcase classname="ScreenShot.India" name="testcase" time="10.372"/>
</testsuite> <!-- ScreenShot.India -->
