<?xml version="1.0" encoding="UTF-8"?>
<!-- Generated by org.testng.reporters.JUnitReportReporter -->
<testsuite hostname="Sandeep" failures="0" tests="10" name="Data_Provider.GroTechMinds" time="97.175" errors="0" timestamp="2023-10-11T20:48:18 IST" skipped="0">
  <testcase classname="Data_Provider.GroTechMinds" name="test" time="8.253"/>
  <testcase classname="Data_Provider.GroTechMinds" name="test" time="20.331"/>
  <testcase classname="Data_Provider.GroTechMinds" name="test" time="7.949"/>
  <testcase classname="Data_Provider.GroTechMinds" name="test" time="7.304"/>
  <testcase classname="Data_Provider.GroTechMinds" name="test" time="8.928"/>
  <testcase classname="Data_Provider.GroTechMinds" name="test" time="8.566"/>
  <testcase classname="Data_Provider.GroTechMinds" name="test" time="9.512"/>
  <testcase classname="Data_Provider.GroTechMinds" name="test" time="8.754"/>
  <testcase classname="Data_Provider.GroTechMinds" name="test" time="9.128"/>
  <testcase classname="Data_Provider.GroTechMinds" name="test" time="8.450"/>
</testsuite> <!-- Data_Provider.GroTechMinds -->
