<?xml version="1.0" encoding="UTF-8"?>
<!-- Generated by org.testng.reporters.JUnitReportReporter -->
<testsuite hostname="Sandeep" failures="0" tests="2" name="TestNG_Package.EnabledAnnotation" time="0.042" errors="0" timestamp="2023-09-22T20:04:42 IST" skipped="1">
  <testcase classname="TestNG_Package.EnabledAnnotation" name="test1" time="0.042"/>
  <testcase classname="TestNG_Package.EnabledAnnotation" name="test2">
    <skipped/>
  </testcase> <!-- test2 -->
</testsuite> <!-- TestNG_Package.EnabledAnnotation -->
