<?xml version="1.0" encoding="UTF-8"?>
<!-- Generated by org.testng.reporters.JUnitReportReporter -->
<testsuite hostname="Sandeep" failures="0" tests="1" name="LaunchFacebook.testcase" time="13.567" errors="0" timestamp="2023-09-22T22:06:08 IST" skipped="0">
  <testcase classname="LaunchFacebook.testcase" name="scenerio1" time="13.567"/>
</testsuite> <!-- LaunchFacebook.testcase -->
