<?xml version="1.0" encoding="UTF-8"?>
<!-- Generated by org.testng.reporters.JUnitReportReporter -->
<testsuite hostname="Sandeep" failures="0" tests="2" name="Data_Provider.Testcase_Class" time="0.006" errors="0" timestamp="2023-10-09T21:14:07 IST" skipped="0">
  <testcase classname="Data_Provider.Testcase_Class" name="test1" time="0.005"/>
  <testcase classname="Data_Provider.Testcase_Class" name="test1" time="0.001"/>
</testsuite> <!-- Data_Provider.Testcase_Class -->
