<?xml version="1.0" encoding="UTF-8"?>
<!-- Generated by org.testng.reporters.JUnitReportReporter -->
<testsuite hostname="Sandeep" failures="0" tests="1" name="TestNG_Package.Random1000" time="0.031" errors="0" timestamp="2023-09-23T22:09:52 IST" skipped="0">
  <testcase classname="TestNG_Package.Random1000" name="senerio1" time="0.031"/>
</testsuite> <!-- TestNG_Package.Random1000 -->
