<?xml version="1.0" encoding="UTF-8"?>
<!-- Generated by org.testng.reporters.JUnitReportReporter -->
<testsuite hostname="Sandeep" failures="0" tests="5" name="TestNGPackage.Google_Launch" time="25.897" errors="0" timestamp="2023-09-13T21:14:54 IST" skipped="0">
  <testcase classname="TestNGPackage.Google_Launch" name="testcase3" time="3.726"/>
  <testcase classname="TestNGPackage.Google_Launch" name="testcase1" time="4.318"/>
  <testcase classname="TestNGPackage.Google_Launch" name="testcase4" time="5.085"/>
  <testcase classname="TestNGPackage.Google_Launch" name="testcase2" time="8.301"/>
  <testcase classname="TestNGPackage.Google_Launch" name="testcase5" time="4.467"/>
</testsuite> <!-- TestNGPackage.Google_Launch -->
