<?xml version="1.0" encoding="UTF-8"?>
<!-- Generated by org.testng.reporters.JUnitReportReporter -->
<testsuite hostname="Sandeep" failures="0" tests="1" name="TestNGPackage.Two" time="0.001" errors="0" timestamp="2023-09-22T19:52:47 IST" skipped="0">
  <testcase classname="TestNGPackage.Two" name="testcase2" time="0.001"/>
</testsuite> <!-- TestNGPackage.Two -->
