<?xml version="1.0" encoding="UTF-8"?>
<!-- Generated by org.testng.reporters.JUnitReportReporter -->
<testsuite hostname="Sandeep" failures="0" tests="1" name="TestNGPackage.One" time="0.014" errors="0" timestamp="2023-09-22T19:52:47 IST" skipped="0">
  <testcase classname="TestNGPackage.One" name="testcase1" time="0.014"/>
</testsuite> <!-- TestNGPackage.One -->
