<?xml version="1.0" encoding="UTF-8"?>
<!-- Generated by org.testng.reporters.JUnitReportReporter -->
<testsuite hostname="Sandeep" failures="0" tests="1" name="TestNG_Package.All_Annotations" time="0.011" errors="0" timestamp="2023-09-21T22:24:33 IST" skipped="0">
  <testcase classname="TestNG_Package.All_Annotations" name="test" time="0.011"/>
</testsuite> <!-- TestNG_Package.All_Annotations -->
