<?xml version="1.0" encoding="UTF-8"?>
<!-- Generated by org.testng.reporters.JUnitReportReporter -->
<testsuite hostname="Sandeep" failures="0" tests="3" name="TestNG_Package.Assignment85" time="0.025" errors="0" timestamp="2023-09-22T19:32:14 IST" skipped="0">
  <testcase classname="TestNG_Package.Assignment85" name="test2" time="0.011"/>
  <testcase classname="TestNG_Package.Assignment85" name="test3" time="0.003"/>
  <testcase classname="TestNG_Package.Assignment85" name="test1" time="0.011"/>
</testsuite> <!-- TestNG_Package.Assignment85 -->
