<?xml version="1.0" encoding="UTF-8"?>
<!-- Generated by org.testng.reporters.JUnitReportReporter -->
<testsuite hostname="Sandeep" failures="0" tests="5" name="TestNGPackage.GroupingConcept" time="0.015" errors="0" timestamp="2023-09-29T20:01:25 IST" skipped="0">
  <testcase classname="TestNGPackage.GroupingConcept" name="testcase3" time="0.002"/>
  <testcase classname="TestNGPackage.GroupingConcept" name="testcase4" time="0.001"/>
  <testcase classname="TestNGPackage.GroupingConcept" name="testcase1" time="0.009"/>
  <testcase classname="TestNGPackage.GroupingConcept" name="testcase2" time="0.001"/>
  <testcase classname="TestNGPackage.GroupingConcept" name="testcase9" time="0.002"/>
</testsuite> <!-- TestNGPackage.GroupingConcept -->
