<?xml version="1.0" encoding="UTF-8"?>
<!-- Generated by org.testng.reporters.JUnitReportReporter -->
<testsuite hostname="Sandeep" failures="0" tests="1" name="ITstListener_1.TestCase1" time="2.367" errors="0" timestamp="2023-09-29T22:40:49 IST" skipped="0">
  <testcase classname="ITstListener_1.TestCase1" name="senerio1" time="2.367">
    <system-out>
      <![CDATA[My Test has started
My Test has Passed]]>
    </system-out>
  </testcase> <!-- senerio1 -->
  <system-out>
    <![CDATA[My Test has started
My Test has Passed]]>
  </system-out>
</testsuite> <!-- ITstListener_1.TestCase1 -->
