<?xml version="1.0" encoding="UTF-8"?>
<!-- Generated by org.testng.reporters.JUnitReportReporter -->
<testsuite hostname="Sandeep" failures="0" tests="1" name="ScreenShot.Qatar" time="10.294" errors="0" timestamp="2023-10-09T20:00:47 IST" skipped="0">
  <testcase classname="ScreenShot.Qatar" name="testcase" time="10.294"/>
</testsuite> <!-- ScreenShot.Qatar -->
