<?xml version="1.0" encoding="UTF-8"?>
<!-- Generated by org.testng.reporters.JUnitReportReporter -->
<testsuite hostname="Sandeep" failures="0" tests="1" name="ScreenShot.Australia" time="12.758" errors="0" timestamp="2023-09-26T20:08:51 IST" skipped="0">
  <testcase classname="ScreenShot.Australia" name="testcase" time="12.758"/>
</testsuite> <!-- ScreenShot.Australia -->
