<?xml version="1.0" encoding="UTF-8"?>
<!-- Generated by org.testng.reporters.JUnitReportReporter -->
<testsuite hostname="Sandeep" failures="0" tests="1" name="TestNG_Package.One" time="0.010" errors="0" timestamp="2023-09-09T12:26:13 IST" skipped="0">
  <testcase classname="TestNG_Package.One" name="testcase1" time="0.010"/>
</testsuite> <!-- TestNG_Package.One -->
