<?xml version="1.0" encoding="UTF-8"?>
<!-- Generated by org.testng.reporters.JUnitReportReporter -->
<testsuite hostname="Sandeep" failures="0" tests="2" name="TestNG_Package.TestNG_2test" time="0.019" errors="0" timestamp="2023-09-21T22:28:43 IST" skipped="0">
  <testcase classname="TestNG_Package.TestNG_2test" name="test1" time="0.016"/>
  <testcase classname="TestNG_Package.TestNG_2test" name="test2" time="0.003"/>
</testsuite> <!-- TestNG_Package.TestNG_2test -->
