<?xml version="1.0" encoding="UTF-8"?>
<!-- Generated by org.testng.reporters.JUnitReportReporter -->
<testsuite hostname="Sandeep" failures="0" tests="2" name="Amazon_ParallelTesting.CCPayment" time="138.917" errors="0" timestamp="2023-10-03T20:17:18 IST" skipped="0">
  <testcase classname="Amazon_ParallelTesting.CCPayment" name="creditcard" time="69.838"/>
  <testcase classname="Amazon_ParallelTesting.CCPayment" name="creditcard" time="69.079"/>
</testsuite> <!-- Amazon_ParallelTesting.CCPayment -->
