<?xml version="1.0" encoding="UTF-8"?>
<!-- Generated by org.testng.reporters.JUnitReportReporter -->
<testsuite hostname="Sandeep" failures="0" tests="10" name="TestNGPackage.AnovationCountTopic" time="0.029" errors="0" timestamp="2023-09-11T21:46:02 IST" skipped="0">
  <testcase classname="TestNGPackage.AnovationCountTopic" name="testcase1" time="0.001"/>
  <testcase classname="TestNGPackage.AnovationCountTopic" name="testcase1" time="0.001"/>
  <testcase classname="TestNGPackage.AnovationCountTopic" name="testcase1" time="0.002"/>
  <testcase classname="TestNGPackage.AnovationCountTopic" name="testcase1" time="0.002"/>
  <testcase classname="TestNGPackage.AnovationCountTopic" name="testcase1" time="0.002"/>
  <testcase classname="TestNGPackage.AnovationCountTopic" name="testcase1" time="0.013"/>
  <testcase classname="TestNGPackage.AnovationCountTopic" name="testcase1" time="0.004"/>
  <testcase classname="TestNGPackage.AnovationCountTopic" name="testcase1" time="0.001"/>
  <testcase classname="TestNGPackage.AnovationCountTopic" name="testcase1" time="0.001"/>
  <testcase classname="TestNGPackage.AnovationCountTopic" name="testcase1" time="0.002"/>
</testsuite> <!-- TestNGPackage.AnovationCountTopic -->
