<?xml version="1.0" encoding="UTF-8"?>
<!-- Generated by org.testng.reporters.JUnitReportReporter -->
<testsuite hostname="Sandeep" failures="0" tests="3" name="TestNG_Package.Assignment86" time="0.024" errors="0" timestamp="2023-09-22T19:35:28 IST" skipped="0">
  <testcase classname="TestNG_Package.Assignment86" name="test2" time="0.001"/>
  <testcase classname="TestNG_Package.Assignment86" name="test1" time="0.015"/>
  <testcase classname="TestNG_Package.Assignment86" name="test3" time="0.008"/>
</testsuite> <!-- TestNG_Package.Assignment86 -->
