<?xml version="1.0" encoding="UTF-8"?>
<!-- Generated by org.testng.reporters.JUnitReportReporter -->
<testsuite hostname="Sandeep" failures="0" tests="1" name="TestNG_Package.Math_Class" time="0.010" errors="0" timestamp="2023-09-22T20:11:19 IST" skipped="0">
  <testcase classname="TestNG_Package.Math_Class" name="senerio1" time="0.010"/>
</testsuite> <!-- TestNG_Package.Math_Class -->
