<?xml version="1.0" encoding="UTF-8"?>
<!-- Generated by org.testng.reporters.JUnitReportReporter -->
<testsuite hostname="Sandeep" failures="0" tests="1" name="TestNG_Package.TestNG_2" time="0.020" errors="0" timestamp="2023-09-21T22:26:55 IST" skipped="0">
  <testcase classname="TestNG_Package.TestNG_2" name="tst" time="0.020"/>
</testsuite> <!-- TestNG_Package.TestNG_2 -->
