<?xml version="1.0" encoding="UTF-8"?>
<!-- Generated by org.testng.reporters.JUnitReportReporter -->
<testsuite hostname="Sandeep" failures="0" tests="1" name="TestNG_Package.TestNG_1" time="0.005" errors="0" timestamp="2023-09-09T13:38:31 IST" skipped="0">
  <testcase classname="TestNG_Package.TestNG_1" name="tst" time="0.005"/>
</testsuite> <!-- TestNG_Package.TestNG_1 -->
