<?xml version="1.0" encoding="UTF-8"?>
<!-- Generated by org.testng.reporters.JUnitReportReporter -->
<testsuite hostname="Sandeep" failures="0" tests="10" name="TestNGPackage.InovationCountTopic" time="0.019" errors="0" timestamp="2023-09-13T21:02:58 IST" skipped="0">
  <testcase classname="TestNGPackage.InovationCountTopic" name="testcase1" time="0.002"/>
  <testcase classname="TestNGPackage.InovationCountTopic" name="testcase1" time="0.000"/>
  <testcase classname="TestNGPackage.InovationCountTopic" name="testcase1" time="0.002"/>
  <testcase classname="TestNGPackage.InovationCountTopic" name="testcase1" time="0.001"/>
  <testcase classname="TestNGPackage.InovationCountTopic" name="testcase1" time="0.001"/>
  <testcase classname="TestNGPackage.InovationCountTopic" name="testcase1" time="0.009"/>
  <testcase classname="TestNGPackage.InovationCountTopic" name="testcase1" time="0.001"/>
  <testcase classname="TestNGPackage.InovationCountTopic" name="testcase1" time="0.001"/>
  <testcase classname="TestNGPackage.InovationCountTopic" name="testcase1" time="0.001"/>
  <testcase classname="TestNGPackage.InovationCountTopic" name="testcase1" time="0.001"/>
</testsuite> <!-- TestNGPackage.InovationCountTopic -->
