<?xml version="1.0" encoding="UTF-8"?>
<!-- Generated by org.testng.reporters.JUnitReportReporter -->
<testsuite hostname="Sandeep" failures="0" tests="3" name="TestNG_Package.Assignment88" time="0.009" errors="0" timestamp="2023-09-22T19:47:13 IST" skipped="0">
  <testcase classname="TestNG_Package.Assignment88" name="test2" time="0.001"/>
  <testcase classname="TestNG_Package.Assignment88" name="test3" time="0.002"/>
  <testcase classname="TestNG_Package.Assignment88" name="test1" time="0.006"/>
</testsuite> <!-- TestNG_Package.Assignment88 -->
