<?xml version="1.0" encoding="UTF-8"?>
<!-- Generated by org.testng.reporters.JUnitReportReporter -->
<testsuite hostname="Sandeep" failures="0" tests="1" name="Selenium.GroTechMinds_Automation.FirstTestNG" time="0.028" errors="0" timestamp="2023-10-19T20:47:45 IST" skipped="0">
  <testcase classname="Selenium.GroTechMinds_Automation.FirstTestNG" name="testcase" time="0.028">
    <system-out>
      <![CDATA[TestCase1]]>
    </system-out>
  </testcase> <!-- testcase -->
  <system-out>
    <![CDATA[TestCase1]]>
  </system-out>
</testsuite> <!-- Selenium.GroTechMinds_Automation.FirstTestNG -->
