<?xml version="1.0" encoding="UTF-8"?>
<!-- Generated by org.testng.reporters.JUnitReportReporter -->
<testsuite hostname="Sandeep" failures="0" tests="1" name="Selenium.GroTechMinds_Automation.URL_Class" time="0.007" errors="0" timestamp="2023-10-19T21:49:06 IST" skipped="0">
  <testcase classname="Selenium.GroTechMinds_Automation.URL_Class" name="method1" time="0.007"/>
</testsuite> <!-- Selenium.GroTechMinds_Automation.URL_Class -->
